[Sucess] Running on port 80
[Sucess] Request received.
[Sucess] Page found
[Sucess] Responded with a page.
[Sucess] Request received.
[Sucess] Page found
[Sucess] Responded with a page.
[Sucess] Request received.
[Sucess] Page found
[Sucess] Responded with a page.
[Sucess] Request received.
[Sucess] Page found
[Sucess] Responded with a page.
[Sucess] Request received.
[Sucess] Page found
[Sucess] Responded with a page.
[Sucess] Request received.
[Sucess] Page found
[Sucess] Responded with a page.
[Sucess] Request received.
[Sucess] Page found
[Sucess] Responded with a page.
[Sucess] Request received.
[Sucess] Page found
[Sucess] Responded with a page.
[Sucess] Request received.
[Sucess] Page found
[Sucess] Responded with a page.
[Sucess] Request received.
[Sucess] Page found
[Sucess] Responded with a page.
[Sucess] Request received.
[Sucess] Page found
[Sucess] Responded with a page.
[Sucess] Request received.
[Sucess] Page found
[Sucess] Responded with a page.
[Sucess] Request received.
[Sucess] Page found
[Sucess] Responded with a page.
[Sucess] Request received.
[Error]  File probably doesn't exist.
[Sucess] Responded with a page.
[Sucess] Request received.
[Sucess] Page found
[Sucess] Responded with a page.
[Sucess] Request received.
[Sucess] Page found
[Sucess] Responded with a page.
[Sucess] Request received.
[Sucess] Page found
[Sucess] Responded with a page.
[Sucess] Request received.
[Sucess] Page found
[Sucess] Responded with a page.
[Sucess] Request received.
[Error]  File probably doesn't exist.
[Sucess] Responded with a page.
[Sucess] Request received.
[Sucess] Page found
[Sucess] Responded with a page.
[Sucess] Request received.
[Sucess] Page found
[Sucess] Responded with a page.
[Sucess] Request received.
[Sucess] Page found
[Sucess] Responded with a page.
[Sucess] Request received.
[Error]  File probably doesn't exist.
[Sucess] Responded with a page.
[Sucess] Request received.
[Sucess] Page found
[Sucess] Responded with a page.
[Sucess] Request received.
[Sucess] Page found
[Sucess] Responded with a page.
[Sucess] Request received.
[Sucess] Page found
[Sucess] Responded with a page.
[Sucess] Request received.
[Sucess] Page found
[Sucess] Responded with a page.
[Sucess] Request received.
[Sucess] Page found
[Sucess] Responded with a page.
[Sucess] Request received.
[Sucess] Page found
[Sucess] Responded with a page.
[Sucess] Request received.
[Sucess] Page found
[Sucess] Responded with a page.
[Sucess] Request received.
[Sucess] Page found
[Sucess] Responded with a page.
[Sucess] Request received.
[Sucess] Page found
[Sucess] Responded with a page.
[Sucess] Request received.
[Sucess] Page found
[Sucess] Responded with a page.
[Sucess] Request received.
[Sucess] Page found
[Sucess] Responded with a page.
[Sucess] Request received.
[Sucess] Page found
[Sucess] Responded with a page.
[Sucess] Request received.
[Sucess] Page found
[Sucess] Responded with a page.
[Sucess] Request received.
[Sucess] Page found
[Sucess] Responded with a page.
[Sucess] Request received.
[Sucess] Page found
[Sucess] Responded with a page.
[Sucess] Request received.
[Sucess] Page found
[Sucess] Responded with a page.
[Sucess] Request received.
[Sucess] Page found
[Sucess] Responded with a page.
[Sucess] Request received.
[Sucess] Page found
[Sucess] Responded with a page.
[Sucess] Request received.
[Sucess] Page found
[Sucess] Responded with a page.
[Sucess] Request received.
[Error]  File probably doesn't exist.
[Sucess] Responded with a page.
[Sucess] Request received.
[Sucess] Page found
[Sucess] Responded with a page.
[Sucess] Request received.
[Sucess] Page found
[Sucess] Responded with a page.
[Sucess] Request received.
[Sucess] Page found
[Sucess] Responded with a page.
[Sucess] Request received.
[Sucess] Page found
[Sucess] Responded with a page.
[Sucess] Request received.
[Error]  File probably doesn't exist.
[Sucess] Responded with a page.
[Sucess] Request received.
[Sucess] Page found
[Sucess] Responded with a page.
[Sucess] Request received.
[Sucess] Page found
[Sucess] Responded with a page.
[Sucess] Request received.
[🤯 Program panicked: Unhandled error at server.emojic:17:5: Address already in use
🤯 Program panicked: Unhandled error at server.emojic:17:5: Address already in use
